c:\users\ent\desktop\cscs\serverbitmap\сlient\debug\сlient.pch
c:\users\ent\desktop\cscs\serverbitmap\сlient\debug\vc142.pdb
c:\users\ent\desktop\cscs\serverbitmap\сlient\debug\сlient.pchast
c:\users\ent\desktop\cscs\serverbitmap\сlient\debug\pch.nativecodeanalysis.sarif
c:\users\ent\desktop\cscs\serverbitmap\сlient\debug\pch.nativecodeanalysis.xml
c:\users\ent\desktop\cscs\serverbitmap\сlient\debug\pch.obj
c:\users\ent\desktop\cscs\serverbitmap\сlient\debug\сlient.nativecodeanalysis.sarif
c:\users\ent\desktop\cscs\serverbitmap\сlient\debug\сlient.nativecodeanalysis.xml
c:\users\ent\desktop\cscs\serverbitmap\сlient\debug\assemblyinfo.nativecodeanalysis.sarif
c:\users\ent\desktop\cscs\serverbitmap\сlient\debug\assemblyinfo.nativecodeanalysis.xml
c:\users\ent\desktop\cscs\serverbitmap\сlient\debug\assemblyinfo.obj
c:\users\ent\desktop\cscs\serverbitmap\сlient\debug\сlient.obj
c:\users\ent\desktop\cscs\serverbitmap\сlient\debug\.netframework,version=v4.7.2.assemblyattributes.nativecodeanalysis.sarif
c:\users\ent\desktop\cscs\serverbitmap\сlient\debug\.netframework,version=v4.7.2.assemblyattributes.nativecodeanalysis.xml
c:\users\ent\desktop\cscs\serverbitmap\сlient\debug\.netframework,version=v4.7.2.assemblyattributes.obj
c:\users\ent\desktop\cscs\serverbitmap\сlient\debug\.netframework,version=v4.7.2.assemblyattributes.asm
c:\users\ent\desktop\cscs\serverbitmap\сlient\debug\сlient.tlog\metagen.write.1.tlog
c:\users\ent\desktop\cscs\serverbitmap\сlient\debug\app.res
c:\users\ent\desktop\cscs\serverbitmap\debug\classlibrary2.dll
c:\users\ent\desktop\cscs\serverbitmap\debug\classlibrary2.pdb
c:\users\ent\desktop\cscs\serverbitmap\сlient\debug\сlient.vcxprojassemblyreference.cache
c:\users\ent\desktop\cscs\serverbitmap\debug\сlient.exe
c:\users\ent\desktop\cscs\serverbitmap\сlient\debug\сlient.tlog\cl.command.1.tlog
c:\users\ent\desktop\cscs\serverbitmap\сlient\debug\сlient.tlog\cl.read.1.tlog
c:\users\ent\desktop\cscs\serverbitmap\сlient\debug\сlient.tlog\cl.write.1.tlog
c:\users\ent\desktop\cscs\serverbitmap\сlient\debug\сlient.tlog\link.command.1.tlog
c:\users\ent\desktop\cscs\serverbitmap\сlient\debug\сlient.tlog\link.read.1.tlog
c:\users\ent\desktop\cscs\serverbitmap\сlient\debug\сlient.tlog\link.write.1.tlog
c:\users\ent\desktop\cscs\serverbitmap\сlient\debug\сlient.tlog\metagen.read.1.tlog
c:\users\ent\desktop\cscs\serverbitmap\сlient\debug\сlient.tlog\rc.command.1.tlog
c:\users\ent\desktop\cscs\serverbitmap\сlient\debug\сlient.tlog\rc.read.1.tlog
c:\users\ent\desktop\cscs\serverbitmap\сlient\debug\сlient.tlog\rc.write.1.tlog
c:\users\ent\desktop\cscs\serverbitmap\сlient\debug\сlient.tlog\сlient.write.1u.tlog
c:\users\ent\desktop\cscs\serverbitmap\сlient\debug\сlient.tlog\classlibrary2.dll.metagen
