c:\users\ent\desktop\cscs\serverbitmap\client\release\client.pch
c:\users\ent\desktop\cscs\serverbitmap\client\release\vc142.pdb
c:\users\ent\desktop\cscs\serverbitmap\client\release\pch.obj
c:\users\ent\desktop\cscs\serverbitmap\client\release\client.obj
c:\users\ent\desktop\cscs\serverbitmap\client\release\assemblyinfo.obj
c:\users\ent\desktop\cscs\serverbitmap\client\release\.netframework,version=v4.7.2.assemblyattributes.obj
c:\users\ent\desktop\cscs\serverbitmap\client\release\.netframework,version=v4.7.2.assemblyattributes.asm
c:\users\ent\desktop\cscs\serverbitmap\release\classlibrary2.dll
c:\users\ent\desktop\cscs\serverbitmap\release\classlibrary2.pdb
c:\users\ent\desktop\cscs\serverbitmap\client\release\client.tlog\metagen.write.1.tlog
c:\users\ent\desktop\cscs\serverbitmap\client\release\app.res
c:\users\ent\desktop\cscs\serverbitmap\client\release\client.vcxprojassemblyreference.cache
c:\users\ent\desktop\cscs\serverbitmap\release\client.pdb
c:\users\ent\desktop\cscs\serverbitmap\release\client.exe
c:\users\ent\desktop\cscs\serverbitmap\client\release\client.tlog\cl.command.1.tlog
c:\users\ent\desktop\cscs\serverbitmap\client\release\client.tlog\cl.read.1.tlog
c:\users\ent\desktop\cscs\serverbitmap\client\release\client.tlog\cl.write.1.tlog
c:\users\ent\desktop\cscs\serverbitmap\client\release\client.tlog\client.write.1u.tlog
c:\users\ent\desktop\cscs\serverbitmap\client\release\client.tlog\link.command.1.tlog
c:\users\ent\desktop\cscs\serverbitmap\client\release\client.tlog\link.read.1.tlog
c:\users\ent\desktop\cscs\serverbitmap\client\release\client.tlog\link.write.1.tlog
c:\users\ent\desktop\cscs\serverbitmap\client\release\client.tlog\metagen.read.1.tlog
c:\users\ent\desktop\cscs\serverbitmap\client\release\client.tlog\rc.command.1.tlog
c:\users\ent\desktop\cscs\serverbitmap\client\release\client.tlog\rc.read.1.tlog
c:\users\ent\desktop\cscs\serverbitmap\client\release\client.tlog\rc.write.1.tlog
c:\users\ent\desktop\cscs\serverbitmap\client\release\client.tlog\classlibrary2.dll.metagen
