c:\users\ent\desktop\cscs\serverbitmap\client\debug\client.pch
c:\users\ent\desktop\cscs\serverbitmap\client\debug\vc142.pdb
c:\users\ent\desktop\cscs\serverbitmap\client\debug\pch.obj
c:\users\ent\desktop\cscs\serverbitmap\client\debug\client.obj
c:\users\ent\desktop\cscs\serverbitmap\client\debug\assemblyinfo.obj
c:\users\ent\desktop\cscs\serverbitmap\client\debug\.netframework,version=v4.7.2.assemblyattributes.obj
c:\users\ent\desktop\cscs\serverbitmap\debug\classlibrary2.dll
c:\users\ent\desktop\cscs\serverbitmap\debug\classlibrary2.pdb
c:\users\ent\desktop\cscs\serverbitmap\debug\client.exe
c:\users\ent\desktop\cscs\serverbitmap\debug\client.pdb
c:\users\ent\desktop\cscs\serverbitmap\client\debug\client.tlog\metagen.write.1.tlog
c:\users\ent\desktop\cscs\serverbitmap\client\debug\app.res
c:\users\ent\desktop\cscs\serverbitmap\client\debug\client.tlog\cl.command.1.tlog
c:\users\ent\desktop\cscs\serverbitmap\client\debug\client.tlog\cl.read.1.tlog
c:\users\ent\desktop\cscs\serverbitmap\client\debug\client.tlog\cl.write.1.tlog
c:\users\ent\desktop\cscs\serverbitmap\client\debug\client.tlog\copylocal.read.1u.tlog
c:\users\ent\desktop\cscs\serverbitmap\client\debug\client.tlog\copylocal.write.1u.tlog
c:\users\ent\desktop\cscs\serverbitmap\client\debug\client.tlog\link.command.1.tlog
c:\users\ent\desktop\cscs\serverbitmap\client\debug\client.tlog\link.read.1.tlog
c:\users\ent\desktop\cscs\serverbitmap\client\debug\client.tlog\link.write.1.tlog
c:\users\ent\desktop\cscs\serverbitmap\client\debug\client.tlog\metagen.read.1.tlog
c:\users\ent\desktop\cscs\serverbitmap\client\debug\client.tlog\rc.command.1.tlog
c:\users\ent\desktop\cscs\serverbitmap\client\debug\client.tlog\rc.read.1.tlog
c:\users\ent\desktop\cscs\serverbitmap\client\debug\client.tlog\rc.write.1.tlog
c:\users\ent\desktop\cscs\serverbitmap\client\debug\client.tlog\classlibrary2.dll.metagen
