c:\users\ent\source\repos\serverbitmap\clients\debug\clients.pch
c:\users\ent\source\repos\serverbitmap\clients\debug\vc142.pdb
c:\users\ent\source\repos\serverbitmap\clients\debug\pch.obj
c:\users\ent\source\repos\serverbitmap\clients\debug\clients.obj
c:\users\ent\source\repos\serverbitmap\clients\debug\assemblyinfo.obj
c:\users\ent\source\repos\serverbitmap\clients\debug\.netframework,version=v4.7.2.assemblyattributes.obj
c:\users\ent\source\repos\serverbitmap\clients\debug\.netframework,version=v4.7.2.assemblyattributes.asm
c:\users\ent\source\repos\serverbitmap\debug\classlibrary2.dll
c:\users\ent\source\repos\serverbitmap\debug\classlibrary2.pdb
c:\users\ent\source\repos\serverbitmap\clients\debug\clients.tlog\metagen.write.1.tlog
c:\users\ent\source\repos\serverbitmap\clients\debug\app.res
c:\users\ent\source\repos\serverbitmap\clients\debug\clients.vcxprojassemblyreference.cache
c:\users\ent\source\repos\serverbitmap\debug\clients.exe
c:\users\ent\source\repos\serverbitmap\clients\debug\clients.tlog\cl.command.1.tlog
c:\users\ent\source\repos\serverbitmap\clients\debug\clients.tlog\cl.read.1.tlog
c:\users\ent\source\repos\serverbitmap\clients\debug\clients.tlog\cl.write.1.tlog
c:\users\ent\source\repos\serverbitmap\clients\debug\clients.tlog\clients.write.1u.tlog
c:\users\ent\source\repos\serverbitmap\clients\debug\clients.tlog\link.command.1.tlog
c:\users\ent\source\repos\serverbitmap\clients\debug\clients.tlog\link.read.1.tlog
c:\users\ent\source\repos\serverbitmap\clients\debug\clients.tlog\link.write.1.tlog
c:\users\ent\source\repos\serverbitmap\clients\debug\clients.tlog\metagen.read.1.tlog
c:\users\ent\source\repos\serverbitmap\clients\debug\clients.tlog\rc.command.1.tlog
c:\users\ent\source\repos\serverbitmap\clients\debug\clients.tlog\rc.read.1.tlog
c:\users\ent\source\repos\serverbitmap\clients\debug\clients.tlog\rc.write.1.tlog
c:\users\ent\source\repos\serverbitmap\clients\debug\clients.tlog\classlibrary2.dll.metagen
